# JRE version: Java(TM) SE Runtime Environment (8.0_121-b13) (build 1.8.0_121-b13)
# Java VM: Java HotSpot(TM) Client VM (25.121-b13 mixed mode windows-x86 )
Heap:
 def new generation   total 4928K, used 3392K [0x04e00000, 0x05350000, 0x0a350000)
  eden space 4416K,  72% used [0x04e00000, 0x0511ae78, 0x05250000)
  from space 512K,  41% used [0x05250000, 0x052851e8, 0x052d0000)
  to   space 512K,   0% used [0x052d0000, 0x052d0000, 0x05350000)
 tenured generation   total 10944K, used 407K [0x0a350000, 0x0ae00000, 0x14e00000)
   the space 10944K,   3% used [0x0a350000, 0x0a3b5c48, 0x0a3b5e00, 0x0ae00000)
 Metaspace       used 2143K, capacity 2594K, committed 2624K, reserved 4480K
GC Heap History (10 events):
Event: 18.579 GC heap before
{Heap before GC invocations=21 (full 0):
 def new generation   total 4928K, used 4501K [0x04e00000, 0x05350000, 0x0a350000)
  eden space 4416K, 100% used [0x04e00000, 0x05250000, 0x05250000)
  from space 512K,  16% used [0x052d0000, 0x052e5668, 0x05350000)
  to   space 512K,   0% used [0x05250000, 0x05250000, 0x052d0000)
 tenured generation   total 10944K, used 405K [0x0a350000, 0x0ae00000, 0x14e00000)
   the space 10944K,   3% used [0x0a350000, 0x0a3b57b0, 0x0a3b5800, 0x0ae00000)
 Metaspace       used 2143K, capacity 2594K, committed 2624K, reserved 4480K
Event: 18.580 GC heap after
Heap after GC invocations=22 (full 0):
 def new generation   total 4928K, used 92K [0x04e00000, 0x05350000, 0x0a350000)
  eden space 4416K,   0% used [0x04e00000, 0x04e00000, 0x05250000)
  from space 512K,  18% used [0x05250000, 0x05267240, 0x052d0000)
  to   space 512K,   0% used [0x052d0000, 0x052d0000, 0x05350000)
 tenured generation   total 10944K, used 406K [0x0a350000, 0x0ae00000, 0x14e00000)
   the space 10944K,   3% used [0x0a350000, 0x0a3b5930, 0x0a3b5a00, 0x0ae00000)
 Metaspace       used 2143K, capacity 2594K, committed 2624K, reserved 4480K
}
Event: 19.111 GC heap before
{Heap before GC invocations=22 (full 0):
 def new generation   total 4928K, used 4508K [0x04e00000, 0x05350000, 0x0a350000)
  eden space 4416K, 100% used [0x04e00000, 0x05250000, 0x05250000)
  from space 512K,  18% used [0x05250000, 0x05267240, 0x052d0000)
  to   space 512K,   0% used [0x052d0000, 0x052d0000, 0x05350000)
 tenured generation   total 10944K, used 406K [0x0a350000, 0x0ae00000, 0x14e00000)
   the space 10944K,   3% used [0x0a350000, 0x0a3b5930, 0x0a3b5a00, 0x0ae00000)
 Metaspace       used 2143K, capacity 2594K, committed 2624K, reserved 4480K
Event: 19.111 GC heap after
Heap after GC invocations=23 (full 0):
 def new generation   total 4928K, used 122K [0x04e00000, 0x05350000, 0x0a350000)
  eden space 4416K,   0% used [0x04e00000, 0x04e00000, 0x05250000)
  from space 512K,  23% used [0x052d0000, 0x052ee8e8, 0x05350000)
  to   space 512K,   0% used [0x05250000, 0x05250000, 0x052d0000)
 tenured generation   total 10944K, used 406K [0x0a350000, 0x0ae00000, 0x14e00000)
   the space 10944K,   3% used [0x0a350000, 0x0a3b59f0, 0x0a3b5a00, 0x0ae00000)
 Metaspace       used 2143K, capacity 2594K, committed 2624K, reserved 4480K
}
Event: 19.968 GC heap before
{Heap before GC invocations=23 (full 0):
 def new generation   total 4928K, used 4538K [0x04e00000, 0x05350000, 0x0a350000)
  eden space 4416K, 100% used [0x04e00000, 0x05250000, 0x05250000)
  from space 512K,  23% used [0x052d0000, 0x052ee8e8, 0x05350000)
  to   space 512K,   0% used [0x05250000, 0x05250000, 0x052d0000)
 tenured generation   total 10944K, used 406K [0x0a350000, 0x0ae00000, 0x14e00000)
   the space 10944K,   3% used [0x0a350000, 0x0a3b59f0, 0x0a3b5a00, 0x0ae00000)
 Metaspace       used 2143K, capacity 2594K, committed 2624K, reserved 4480K
Event: 19.969 GC heap after
Heap after GC invocations=24 (full 0):
 def new generation   total 4928K, used 152K [0x04e00000, 0x05350000, 0x0a350000)
  eden space 4416K,   0% used [0x04e00000, 0x04e00000, 0x05250000)
  from space 512K,  29% used [0x05250000, 0x05276040, 0x052d0000)
  to   space 512K,   0% used [0x052d0000, 0x052d0000, 0x05350000)
 tenured generation   total 10944K, used 406K [0x0a350000, 0x0ae00000, 0x14e00000)
   the space 10944K,   3% used [0x0a350000, 0x0a3b5a28, 0x0a3b5c00, 0x0ae00000)
 Metaspace       used 2143K, capacity 2594K, committed 2624K, reserved 4480K
}
Event: 21.183 GC heap before
{Heap before GC invocations=24 (full 0):
 def new generation   total 4928K, used 4568K [0x04e00000, 0x05350000, 0x0a350000)
  eden space 4416K, 100% used [0x04e00000, 0x05250000, 0x05250000)
  from space 512K,  29% used [0x05250000, 0x05276040, 0x052d0000)
  to   space 512K,   0% used [0x052d0000, 0x052d0000, 0x05350000)
 tenured generation   total 10944K, used 406K [0x0a350000, 0x0ae00000, 0x14e00000)
   the space 10944K,   3% used [0x0a350000, 0x0a3b5a28, 0x0a3b5c00, 0x0ae00000)
 Metaspace       used 2143K, capacity 2594K, committed 2624K, reserved 4480K
Event: 21.183 GC heap after
Heap after GC invocations=25 (full 0):
 def new generation   total 4928K, used 181K [0x04e00000, 0x05350000, 0x0a350000)
  eden space 4416K,   0% used [0x04e00000, 0x04e00000, 0x05250000)
  from space 512K,  35% used [0x052d0000, 0x052fd608, 0x05350000)
  to   space 512K,   0% used [0x05250000, 0x05250000, 0x052d0000)
 tenured generation   total 10944K, used 406K [0x0a350000, 0x0ae00000, 0x14e00000)
   the space 10944K,   3% used [0x0a350000, 0x0a3b5b40, 0x0a3b5c00, 0x0ae00000)
 Metaspace       used 2143K, capacity 2594K, committed 2624K, reserved 4480K
}
Event: 22.776 GC heap before
{Heap before GC invocations=25 (full 0):
 def new generation   total 4928K, used 4597K [0x04e00000, 0x05350000, 0x0a350000)
  eden space 4416K, 100% used [0x04e00000, 0x05250000, 0x05250000)
  from space 512K,  35% used [0x052d0000, 0x052fd608, 0x05350000)
  to   space 512K,   0% used [0x05250000, 0x05250000, 0x052d0000)
 tenured generation   total 10944K, used 406K [0x0a350000, 0x0ae00000, 0x14e00000)
   the space 10944K,   3% used [0x0a350000, 0x0a3b5b40, 0x0a3b5c00, 0x0ae00000)
 Metaspace       used 2143K, capacity 2594K, committed 2624K, reserved 4480K
Event: 22.776 GC heap after
Heap after GC invocations=26 (full 0):
 def new generation   total 4928K, used 212K [0x04e00000, 0x05350000, 0x0a350000)
  eden space 4416K,   0% used [0x04e00000, 0x04e00000, 0x05250000)
  from space 512K,  41% used [0x05250000, 0x052851e8, 0x052d0000)
  to   space 512K,   0% used [0x052d0000, 0x052d0000, 0x05350000)
 tenured generation   total 10944K, used 407K [0x0a350000, 0x0ae00000, 0x14e00000)
   the space 10944K,   3% used [0x0a350000, 0x0a3b5c48, 0x0a3b5e00, 0x0ae00000)
 Metaspace       used 2143K, capacity 2594K, committed 2624K, reserved 4480K
}

