# JRE version: Java(TM) SE Runtime Environment (8.0_121-b13) (build 1.8.0_121-b13)
# Java VM: Java HotSpot(TM) Client VM (25.121-b13 mixed mode windows-x86 )
Heap:
 def new generation   total 4928K, used 443K [0x04e00000, 0x05350000, 0x0a350000)
  eden space 4416K,  10% used [0x04e00000, 0x04e6e6b0, 0x05250000)
  from space 512K,   0% used [0x052d0000, 0x052d05a0, 0x05350000)
  to   space 512K,   0% used [0x05250000, 0x05250000, 0x052d0000)
 tenured generation   total 10944K, used 409K [0x0a350000, 0x0ae00000, 0x14e00000)
   the space 10944K,   3% used [0x0a350000, 0x0a3b6548, 0x0a3b6600, 0x0ae00000)
 Metaspace       used 2142K, capacity 2594K, committed 2624K, reserved 4480K
GC Heap History (10 events):
Event: 74.339 GC heap before
{Heap before GC invocations=44 (full 0):
 def new generation   total 4928K, used 4417K [0x04e00000, 0x05350000, 0x0a350000)
  eden space 4416K, 100% used [0x04e00000, 0x05250000, 0x05250000)
  from space 512K,   0% used [0x05250000, 0x05250418, 0x052d0000)
  to   space 512K,   0% used [0x052d0000, 0x052d0000, 0x05350000)
 tenured generation   total 10944K, used 409K [0x0a350000, 0x0ae00000, 0x14e00000)
   the space 10944K,   3% used [0x0a350000, 0x0a3b64a0, 0x0a3b6600, 0x0ae00000)
 Metaspace       used 2142K, capacity 2594K, committed 2624K, reserved 4480K
Event: 74.339 GC heap after
Heap after GC invocations=45 (full 0):
 def new generation   total 4928K, used 1K [0x04e00000, 0x05350000, 0x0a350000)
  eden space 4416K,   0% used [0x04e00000, 0x04e00000, 0x05250000)
  from space 512K,   0% used [0x052d0000, 0x052d04c0, 0x05350000)
  to   space 512K,   0% used [0x05250000, 0x05250000, 0x052d0000)
 tenured generation   total 10944K, used 409K [0x0a350000, 0x0ae00000, 0x14e00000)
   the space 10944K,   3% used [0x0a350000, 0x0a3b6510, 0x0a3b6600, 0x0ae00000)
 Metaspace       used 2142K, capacity 2594K, committed 2624K, reserved 4480K
}
Event: 75.885 GC heap before
{Heap before GC invocations=45 (full 0):
 def new generation   total 4928K, used 4417K [0x04e00000, 0x05350000, 0x0a350000)
  eden space 4416K, 100% used [0x04e00000, 0x05250000, 0x05250000)
  from space 512K,   0% used [0x052d0000, 0x052d04c0, 0x05350000)
  to   space 512K,   0% used [0x05250000, 0x05250000, 0x052d0000)
 tenured generation   total 10944K, used 409K [0x0a350000, 0x0ae00000, 0x14e00000)
   the space 10944K,   3% used [0x0a350000, 0x0a3b6510, 0x0a3b6600, 0x0ae00000)
 Metaspace       used 2142K, capacity 2594K, committed 2624K, reserved 4480K
Event: 75.885 GC heap after
Heap after GC invocations=46 (full 0):
 def new generation   total 4928K, used 0K [0x04e00000, 0x05350000, 0x0a350000)
  eden space 4416K,   0% used [0x04e00000, 0x04e00000, 0x05250000)
  from space 512K,   0% used [0x05250000, 0x05250388, 0x052d0000)
  to   space 512K,   0% used [0x052d0000, 0x052d0000, 0x05350000)
 tenured generation   total 10944K, used 409K [0x0a350000, 0x0ae00000, 0x14e00000)
   the space 10944K,   3% used [0x0a350000, 0x0a3b6548, 0x0a3b6600, 0x0ae00000)
 Metaspace       used 2142K, capacity 2594K, committed 2624K, reserved 4480K
}
Event: 77.418 GC heap before
{Heap before GC invocations=46 (full 0):
 def new generation   total 4928K, used 4416K [0x04e00000, 0x05350000, 0x0a350000)
  eden space 4416K, 100% used [0x04e00000, 0x05250000, 0x05250000)
  from space 512K,   0% used [0x05250000, 0x05250388, 0x052d0000)
  to   space 512K,   0% used [0x052d0000, 0x052d0000, 0x05350000)
 tenured generation   total 10944K, used 409K [0x0a350000, 0x0ae00000, 0x14e00000)
   the space 10944K,   3% used [0x0a350000, 0x0a3b6548, 0x0a3b6600, 0x0ae00000)
 Metaspace       used 2142K, capacity 2594K, committed 2624K, reserved 4480K
Event: 77.418 GC heap after
Heap after GC invocations=47 (full 0):
 def new generation   total 4928K, used 1K [0x04e00000, 0x05350000, 0x0a350000)
  eden space 4416K,   0% used [0x04e00000, 0x04e00000, 0x05250000)
  from space 512K,   0% used [0x052d0000, 0x052d04b8, 0x05350000)
  to   space 512K,   0% used [0x05250000, 0x05250000, 0x052d0000)
 tenured generation   total 10944K, used 409K [0x0a350000, 0x0ae00000, 0x14e00000)
   the space 10944K,   3% used [0x0a350000, 0x0a3b6548, 0x0a3b6600, 0x0ae00000)
 Metaspace       used 2142K, capacity 2594K, committed 2624K, reserved 4480K
}
Event: 78.840 GC heap before
{Heap before GC invocations=47 (full 0):
 def new generation   total 4928K, used 4417K [0x04e00000, 0x05350000, 0x0a350000)
  eden space 4416K, 100% used [0x04e00000, 0x05250000, 0x05250000)
  from space 512K,   0% used [0x052d0000, 0x052d04b8, 0x05350000)
  to   space 512K,   0% used [0x05250000, 0x05250000, 0x052d0000)
 tenured generation   total 10944K, used 409K [0x0a350000, 0x0ae00000, 0x14e00000)
   the space 10944K,   3% used [0x0a350000, 0x0a3b6548, 0x0a3b6600, 0x0ae00000)
 Metaspace       used 2142K, capacity 2594K, committed 2624K, reserved 4480K
Event: 78.840 GC heap after
Heap after GC invocations=48 (full 0):
 def new generation   total 4928K, used 1K [0x04e00000, 0x05350000, 0x0a350000)
  eden space 4416K,   0% used [0x04e00000, 0x04e00000, 0x05250000)
  from space 512K,   0% used [0x05250000, 0x05250560, 0x052d0000)
  to   space 512K,   0% used [0x052d0000, 0x052d0000, 0x05350000)
 tenured generation   total 10944K, used 409K [0x0a350000, 0x0ae00000, 0x14e00000)
   the space 10944K,   3% used [0x0a350000, 0x0a3b6548, 0x0a3b6600, 0x0ae00000)
 Metaspace       used 2142K, capacity 2594K, committed 2624K, reserved 4480K
}
Event: 80.230 GC heap before
{Heap before GC invocations=48 (full 0):
 def new generation   total 4928K, used 4417K [0x04e00000, 0x05350000, 0x0a350000)
  eden space 4416K, 100% used [0x04e00000, 0x05250000, 0x05250000)
  from space 512K,   0% used [0x05250000, 0x05250560, 0x052d0000)
  to   space 512K,   0% used [0x052d0000, 0x052d0000, 0x05350000)
 tenured generation   total 10944K, used 409K [0x0a350000, 0x0ae00000, 0x14e00000)
   the space 10944K,   3% used [0x0a350000, 0x0a3b6548, 0x0a3b6600, 0x0ae00000)
 Metaspace       used 2142K, capacity 2594K, committed 2624K, reserved 4480K
Event: 80.230 GC heap after
Heap after GC invocations=49 (full 0):
 def new generation   total 4928K, used 1K [0x04e00000, 0x05350000, 0x0a350000)
  eden space 4416K,   0% used [0x04e00000, 0x04e00000, 0x05250000)
  from space 512K,   0% used [0x052d0000, 0x052d05a0, 0x05350000)
  to   space 512K,   0% used [0x05250000, 0x05250000, 0x052d0000)
 tenured generation   total 10944K, used 409K [0x0a350000, 0x0ae00000, 0x14e00000)
   the space 10944K,   3% used [0x0a350000, 0x0a3b6548, 0x0a3b6600, 0x0ae00000)
 Metaspace       used 2142K, capacity 2594K, committed 2624K, reserved 4480K
}

